Start writing loggamma,   1.00
alpha,   0.50
epsilon, 0.25
badInstantReward, -0.50
badTerminalReward, -0.50
goodInstantReward, 2.00
goodTerminalReward, 2.00

Round: 0 - 100  win percentage, 29.0
Round: 100 - 200  win percentage, 34.0
Round: 200 - 300  win percentage, 44.0
Round: 300 - 400  win percentage, 27.0
Round: 400 - 500  win percentage, 30.0
Round: 500 - 600  win percentage, 29.0
Round: 600 - 700  win percentage, 29.0
Round: 700 - 800  win percentage, 32.0
Round: 800 - 900  win percentage, 31.0
Round: 900 - 1000  win percentage, 28.0
Round: 1000 - 1100  win percentage, 40.0
Round: 1100 - 1200  win percentage, 36.0
Round: 1200 - 1300  win percentage, 24.0
Round: 1300 - 1400  win percentage, 38.0
Round: 1400 - 1500  win percentage, 28.0
Round: 1500 - 1600  win percentage, 37.0
Round: 1600 - 1700  win percentage, 57.0
Round: 1700 - 1800  win percentage, 36.0
Round: 1800 - 1900  win percentage, 37.0
Round: 1900 - 2000  win percentage, 34.0
Round: 2000 - 2100  win percentage, 34.0
Round: 2100 - 2200  win percentage, 29.0
Round: 2200 - 2300  win percentage, 23.0
Round: 2300 - 2400  win percentage, 36.0
Round: 2400 - 2500  win percentage, 38.0
Round: 2500 - 2600  win percentage, 40.0
Round: 2600 - 2700  win percentage, 43.0
Round: 2700 - 2800  win percentage, 33.0
Round: 2800 - 2900  win percentage, 28.0
Round: 2900 - 3000  win percentage, 35.0
Round: 3000 - 3100  win percentage, 28.0
Round: 3100 - 3200  win percentage, 40.0
Round: 3200 - 3300  win percentage, 31.0
Round: 3300 - 3400  win percentage, 33.0
Round: 3400 - 3500  win percentage, 28.0
Round: 3500 - 3600  win percentage, 27.0
Round: 3600 - 3700  win percentage, 35.0
Round: 3700 - 3800  win percentage, 44.0
Round: 3800 - 3900  win percentage, 23.0
Round: 3900 - 4000  win percentage, 27.0
Round: 4000 - 4100  win percentage, 20.0
Round: 4100 - 4200  win percentage, 27.0
Round: 4200 - 4300  win percentage, 39.0
Round: 4300 - 4400  win percentage, 49.0
Round: 4400 - 4500  win percentage, 30.0
Round: 4500 - 4600  win percentage, 37.0
Round: 4600 - 4700  win percentage, 42.0
Round: 4700 - 4800  win percentage, 47.0
Round: 4800 - 4900  win percentage, 33.0
Round: 4900 - 5000  win percentage, 30.0
Round: 5000 - 5100  win percentage, 32.0
Round: 5100 - 5200  win percentage, 39.0
Round: 5200 - 5300  win percentage, 45.0
Round: 5300 - 5400  win percentage, 30.0
Round: 5400 - 5500  win percentage, 33.0
Round: 5500 - 5600  win percentage, 17.0
Round: 5600 - 5700  win percentage, 31.0
Round: 5700 - 5800  win percentage, 46.0
Round: 5800 - 5900  win percentage, 29.0
Round: 5900 - 6000  win percentage, 46.0
Round: 6000 - 6100  win percentage, 41.0
Round: 6100 - 6200  win percentage, 36.0
Round: 6200 - 6300  win percentage, 38.0
Round: 6300 - 6400  win percentage, 27.0
Round: 6400 - 6500  win percentage, 26.0
Round: 6500 - 6600  win percentage, 20.0
Round: 6600 - 6700  win percentage, 26.0
Round: 6700 - 6800  win percentage, 30.0
Round: 6800 - 6900  win percentage, 32.0
Round: 6900 - 7000  win percentage, 25.0
Round: 7000 - 7100  win percentage, 16.0
Round: 7100 - 7200  win percentage, 22.0
Round: 7200 - 7300  win percentage, 32.0
Round: 7300 - 7400  win percentage, 21.0
Round: 7400 - 7500  win percentage, 25.0
Round: 7500 - 7600  win percentage, 23.0
Round: 7600 - 7700  win percentage, 21.0
Round: 7700 - 7800  win percentage, 22.0
Round: 7800 - 7900  win percentage, 23.0
Round: 7900 - 8000  win percentage, 24.0
Round: 8000 - 8100  win percentage, 27.0
Round: 8100 - 8200  win percentage, 33.0
Round: 8200 - 8300  win percentage, 40.0
Round: 8300 - 8400  win percentage, 23.0
Round: 8400 - 8500  win percentage, 15.0
Round: 8500 - 8600  win percentage, 22.0
Round: 8600 - 8700  win percentage, 20.0
Round: 8700 - 8800  win percentage, 18.0
Round: 8800 - 8900  win percentage, 33.0
Round: 8900 - 9000  win percentage, 34.0
Round: 9000 - 9100  win percentage, 18.0
Round: 9100 - 9200  win percentage, 40.0
Round: 9200 - 9300  win percentage, 29.0
Round: 9300 - 9400  win percentage, 19.0
Round: 9400 - 9500  win percentage, 11.0
Round: 9500 - 9600  win percentage, 15.0
Round: 9600 - 9700  win percentage, 11.0
Round: 9700 - 9800  win percentage, 15.0
Round: 9800 - 9900  win percentage, 17.0
Round: 9900 - 10000  win percentage, 24.0
Round: 10000 - 10100  win percentage, 29.0
Round: 10100 - 10200  win percentage, 25.0
Round: 10200 - 10300  win percentage, 19.0
Round: 10300 - 10400  win percentage, 19.0
Round: 10400 - 10500  win percentage, 33.0
Round: 10500 - 10600  win percentage, 34.0
Round: 10600 - 10700  win percentage, 39.0
Round: 10700 - 10800  win percentage, 36.0
Round: 10800 - 10900  win percentage, 26.0
Round: 10900 - 11000  win percentage, 31.0
Round: 11000 - 11100  win percentage, 29.0
Round: 11100 - 11200  win percentage, 43.0
Round: 11200 - 11300  win percentage, 30.0
Round: 11300 - 11400  win percentage, 20.0
Round: 11400 - 11500  win percentage, 36.0
Round: 11500 - 11600  win percentage, 54.0
Round: 11600 - 11700  win percentage, 27.0
Round: 11700 - 11800  win percentage, 32.0
Round: 11800 - 11900  win percentage, 36.0
Round: 11900 - 12000  win percentage, 25.0
Round: 12000 - 12100  win percentage, 38.0
Round: 12100 - 12200  win percentage, 33.0
Round: 12200 - 12300  win percentage, 36.0
Round: 12300 - 12400  win percentage, 37.0
Round: 12400 - 12500  win percentage, 27.0
Round: 12500 - 12600  win percentage, 39.0
Round: 12600 - 12700  win percentage, 33.0
Round: 12700 - 12800  win percentage, 32.0
Round: 12800 - 12900  win percentage, 22.0
Round: 12900 - 13000  win percentage, 36.0
Round: 13000 - 13100  win percentage, 32.0
Round: 13100 - 13200  win percentage, 34.0
Round: 13200 - 13300  win percentage, 42.0
Round: 13300 - 13400  win percentage, 15.0
Round: 13400 - 13500  win percentage, 8.0
Round: 13500 - 13600  win percentage, 17.0
Round: 13600 - 13700  win percentage, 31.0
Round: 13700 - 13800  win percentage, 26.0
Round: 13800 - 13900  win percentage, 23.0
Round: 13900 - 14000  win percentage, 31.0
Round: 14000 - 14100  win percentage, 31.0
Round: 14100 - 14200  win percentage, 20.0
Round: 14200 - 14300  win percentage, 35.0
Round: 14300 - 14400  win percentage, 41.0
Round: 14400 - 14500  win percentage, 45.0
Round: 14500 - 14600  win percentage, 44.0
Round: 14600 - 14700  win percentage, 29.0
Round: 14700 - 14800  win percentage, 41.0
Round: 14800 - 14900  win percentage, 36.0
Round: 14900 - 15000  win percentage, 38.0
Round: 15000 - 15100  win percentage, 27.0
Round: 15100 - 15200  win percentage, 37.0
Round: 15200 - 15300  win percentage, 34.0
Round: 15300 - 15400  win percentage, 30.0
Round: 15400 - 15500  win percentage, 24.0
Round: 15500 - 15600  win percentage, 43.0
Round: 15600 - 15700  win percentage, 31.0
Round: 15700 - 15800  win percentage, 26.0
Round: 15800 - 15900  win percentage, 30.0
Round: 15900 - 16000  win percentage, 37.0
Round: 16000 - 16100  win percentage, 23.0
Round: 16100 - 16200  win percentage, 20.0
Round: 16200 - 16300  win percentage, 19.0
Round: 16300 - 16400  win percentage, 29.0
Round: 16400 - 16500  win percentage, 27.0
Round: 16500 - 16600  win percentage, 14.0
Round: 16600 - 16700  win percentage, 15.0
Round: 16700 - 16800  win percentage, 22.0
Round: 16800 - 16900  win percentage, 26.0
Round: 16900 - 17000  win percentage, 23.0
Round: 17000 - 17100  win percentage, 22.0
Round: 17100 - 17200  win percentage, 23.0
Round: 17200 - 17300  win percentage, 20.0
Round: 17300 - 17400  win percentage, 17.0
Round: 17400 - 17500  win percentage, 5.0
Round: 17500 - 17600  win percentage, 11.0
Round: 17600 - 17700  win percentage, 14.0
Round: 17700 - 17800  win percentage, 31.0
Round: 17800 - 17900  win percentage, 39.0
Round: 17900 - 18000  win percentage, 43.0
Round: 18000 - 18100  win percentage, 23.0
Round: 18100 - 18200  win percentage, 29.0
Round: 18200 - 18300  win percentage, 32.0
Round: 18300 - 18400  win percentage, 18.0
Round: 18400 - 18500  win percentage, 19.0
Round: 18500 - 18600  win percentage, 23.0
Round: 18600 - 18700  win percentage, 18.0
Round: 18700 - 18800  win percentage, 6.0
Round: 18800 - 18900  win percentage, 10.0
Round: 18900 - 19000  win percentage, 8.0
Round: 19000 - 19100  win percentage, 27.0
Round: 19100 - 19200  win percentage, 31.0
Round: 19200 - 19300  win percentage, 36.0
Round: 19300 - 19400  win percentage, 32.0
Round: 19400 - 19500  win percentage, 28.0
Round: 19500 - 19600  win percentage, 18.0
Round: 19600 - 19700  win percentage, 17.0
Round: 19700 - 19800  win percentage, 18.0
Round: 19800 - 19900  win percentage, 28.0
Round: 19900 - 20000  win percentage, 25.0
Round: 20000 - 20100  win percentage, 23.0
Round: 20100 - 20200  win percentage, 21.0
Round: 20200 - 20300  win percentage, 36.0
Round: 20300 - 20400  win percentage, 23.0
Round: 20400 - 20500  win percentage, 24.0
Round: 20500 - 20600  win percentage, 24.0
Round: 20600 - 20700  win percentage, 7.0
Round: 20700 - 20800  win percentage, 19.0
Round: 20800 - 20900  win percentage, 20.0
Round: 20900 - 21000  win percentage, 30.0
Round: 21000 - 21100  win percentage, 16.0
Round: 21100 - 21200  win percentage, 10.0
Round: 21200 - 21300  win percentage, 8.0
Round: 21300 - 21400  win percentage, 28.0
Round: 21400 - 21500  win percentage, 36.0
Round: 21500 - 21600  win percentage, 20.0
Round: 21600 - 21700  win percentage, 27.0
Round: 21700 - 21800  win percentage, 22.0
Round: 21800 - 21900  win percentage, 10.0
Round: 21900 - 22000  win percentage, 19.0
Round: 22000 - 22100  win percentage, 25.0
Round: 22100 - 22200  win percentage, 37.0
Round: 22200 - 22300  win percentage, 39.0
Round: 22300 - 22400  win percentage, 23.0
Round: 22400 - 22500  win percentage, 28.0
Round: 22500 - 22600  win percentage, 36.0
Round: 22600 - 22700  win percentage, 37.0
Round: 22700 - 22800  win percentage, 23.0
Round: 22800 - 22900  win percentage, 25.0
Round: 22900 - 23000  win percentage, 25.0
Round: 23000 - 23100  win percentage, 27.0
Round: 23100 - 23200  win percentage, 22.0
Round: 23200 - 23300  win percentage, 27.0
Round: 23300 - 23400  win percentage, 30.0
Round: 23400 - 23500  win percentage, 30.0
Round: 23500 - 23600  win percentage, 22.0
Round: 23600 - 23700  win percentage, 27.0
Round: 23700 - 23800  win percentage, 28.0
Round: 23800 - 23900  win percentage, 19.0
Round: 23900 - 24000  win percentage, 26.0
Round: 24000 - 24100  win percentage, 23.0
Round: 24100 - 24200  win percentage, 26.0
Round: 24200 - 24300  win percentage, 21.0
Round: 24300 - 24400  win percentage, 25.0
Round: 24400 - 24500  win percentage, 35.0
Round: 24500 - 24600  win percentage, 26.0
Round: 24600 - 24700  win percentage, 36.0
Round: 24700 - 24800  win percentage, 34.0
Round: 24800 - 24900  win percentage, 37.0
Round: 24900 - 25000  win percentage, 24.0
Round: 25000 - 25100  win percentage, 22.0
Round: 25100 - 25200  win percentage, 14.0
Round: 25200 - 25300  win percentage, 19.0
Round: 25300 - 25400  win percentage, 34.0
Round: 25400 - 25500  win percentage, 34.0
Round: 25500 - 25600  win percentage, 41.0
Round: 25600 - 25700  win percentage, 43.0
Round: 25700 - 25800  win percentage, 21.0
Round: 25800 - 25900  win percentage, 29.0
Round: 25900 - 26000  win percentage, 36.0
Round: 26000 - 26100  win percentage, 24.0
Round: 26100 - 26200  win percentage, 32.0
Round: 26200 - 26300  win percentage, 35.0
Round: 26300 - 26400  win percentage, 36.0
Round: 26400 - 26500  win percentage, 23.0
Round: 26500 - 26600  win percentage, 29.0
Round: 26600 - 26700  win percentage, 27.0
Round: 26700 - 26800  win percentage, 29.0
Round: 26800 - 26900  win percentage, 30.0
Round: 26900 - 27000  win percentage, 22.0
Round: 27000 - 27100  win percentage, 19.0
Round: 27100 - 27200  win percentage, 24.0
Round: 27200 - 27300  win percentage, 17.0
Round: 27300 - 27400  win percentage, 19.0
Round: 27400 - 27500  win percentage, 17.0
Round: 27500 - 27600  win percentage, 40.0
Round: 27600 - 27700  win percentage, 27.0
Round: 27700 - 27800  win percentage, 30.0
Round: 27800 - 27900  win percentage, 31.0
Round: 27900 - 28000  win percentage, 36.0
Round: 28000 - 28100  win percentage, 28.0
Round: 28100 - 28200  win percentage, 21.0
Round: 28200 - 28300  win percentage, 23.0
Round: 28300 - 28400  win percentage, 13.0
Round: 28400 - 28500  win percentage, 5.0
Round: 28500 - 28600  win percentage, 11.0
Round: 28600 - 28700  win percentage, 21.0
Round: 28700 - 28800  win percentage, 19.0
Round: 28800 - 28900  win percentage, 23.0
Round: 28900 - 29000  win percentage, 22.0
Round: 29000 - 29100  win percentage, 29.0
Round: 29100 - 29200  win percentage, 28.0
Round: 29200 - 29300  win percentage, 26.0
Round: 29300 - 29400  win percentage, 23.0
Round: 29400 - 29500  win percentage, 32.0
Round: 29500 - 29600  win percentage, 35.0
Round: 29600 - 29700  win percentage, 26.0
Round: 29700 - 29800  win percentage, 27.0
Round: 29800 - 29900  win percentage, 12.0
Round: 29900 - 30000  win percentage, 21.0
Round: 30000 - 30100  win percentage, 25.0
Round: 30100 - 30200  win percentage, 11.0
Round: 30200 - 30300  win percentage, 18.0
Round: 30300 - 30400  win percentage, 34.0
Round: 30400 - 30500  win percentage, 40.0
Round: 30500 - 30600  win percentage, 33.0
Round: 30600 - 30700  win percentage, 23.0
Round: 30700 - 30800  win percentage, 35.0
Round: 30800 - 30900  win percentage, 20.0
Round: 30900 - 31000  win percentage, 22.0
Round: 31000 - 31100  win percentage, 27.0
Round: 31100 - 31200  win percentage, 27.0
Round: 31200 - 31300  win percentage, 30.0
Round: 31300 - 31400  win percentage, 38.0
Round: 31400 - 31500  win percentage, 40.0
Round: 31500 - 31600  win percentage, 34.0
Round: 31600 - 31700  win percentage, 29.0
Round: 31700 - 31800  win percentage, 29.0
Round: 31800 - 31900  win percentage, 42.0
Round: 31900 - 32000  win percentage, 36.0
Round: 32000 - 32100  win percentage, 29.0
Round: 32100 - 32200  win percentage, 27.0
Round: 32200 - 32300  win percentage, 27.0
Round: 32300 - 32400  win percentage, 13.0
Round: 32400 - 32500  win percentage, 28.0
Round: 32500 - 32600  win percentage, 39.0
Round: 32600 - 32700  win percentage, 30.0
Round: 32700 - 32800  win percentage, 38.0
Round: 32800 - 32900  win percentage, 31.0
Round: 32900 - 33000  win percentage, 37.0
Round: 33000 - 33100  win percentage, 41.0
Round: 33100 - 33200  win percentage, 24.0
Round: 33200 - 33300  win percentage, 12.0
Round: 33300 - 33400  win percentage, 20.0
Round: 33400 - 33500  win percentage, 17.0
Round: 33500 - 33600  win percentage, 35.0
Round: 33600 - 33700  win percentage, 20.0
Round: 33700 - 33800  win percentage, 5.0
Round: 33800 - 33900  win percentage, 2.0
Round: 33900 - 34000  win percentage, 2.0
Round: 34000 - 34100  win percentage, 32.0
Round: 34100 - 34200  win percentage, 28.0
Round: 34200 - 34300  win percentage, 26.0
Round: 34300 - 34400  win percentage, 22.0
