Start writing log
gamma,   0.75
alpha,   0.50
epsilon, 0.35
badInstantReward, -0.25
badTerminalReward, -0.50
goodInstantReward, 1.00
goodTerminalReward, 2.00

0 - 100  win rate, 40.0
100 - 200  win rate, 40.0
200 - 300  win rate, 40.0
300 - 400  win rate, 46.0
400 - 500  win rate, 38.0
500 - 600  win rate, 41.0
600 - 700  win rate, 52.0
700 - 800  win rate, 56.0
800 - 900  win rate, 51.0
900 - 1000  win rate, 46.0
1000 - 1100  win rate, 43.0
1100 - 1200  win rate, 53.0
1200 - 1300  win rate, 49.0
1300 - 1400  win rate, 42.0
1400 - 1500  win rate, 50.0
1500 - 1600  win rate, 50.0
1600 - 1700  win rate, 57.0
1700 - 1800  win rate, 52.0
1800 - 1900  win rate, 42.0
1900 - 2000  win rate, 39.0
2000 - 2100  win rate, 48.0
2100 - 2200  win rate, 44.0
2200 - 2300  win rate, 49.0
2300 - 2400  win rate, 55.0
2400 - 2500  win rate, 61.0
2500 - 2600  win rate, 51.0
2600 - 2700  win rate, 50.0
2700 - 2800  win rate, 56.0
2800 - 2900  win rate, 42.0
2900 - 3000  win rate, 56.0
3000 - 3100  win rate, 49.0
3100 - 3200  win rate, 49.0
3200 - 3300  win rate, 60.0
3300 - 3400  win rate, 52.0
3400 - 3500  win rate, 41.0
3500 - 3600  win rate, 55.0
3600 - 3700  win rate, 52.0
3700 - 3800  win rate, 45.0
3800 - 3900  win rate, 41.0
3900 - 4000  win rate, 41.0
4000 - 4100  win rate, 55.0
4100 - 4200  win rate, 42.0
4200 - 4300  win rate, 52.0
4300 - 4400  win rate, 45.0
4400 - 4500  win rate, 48.0
4500 - 4600  win rate, 42.0
4600 - 4700  win rate, 49.0
4700 - 4800  win rate, 48.0
4800 - 4900  win rate, 51.0
4900 - 5000  win rate, 47.0
5000 - 5100  win rate, 13.0
5100 - 5200  win rate, 19.0
5200 - 5300  win rate, 42.0
5300 - 5400  win rate, 36.0
5400 - 5500  win rate, 35.0
5500 - 5600  win rate, 25.0
5600 - 5700  win rate, 37.0
5700 - 5800  win rate, 47.0
5800 - 5900  win rate, 58.0
5900 - 6000  win rate, 57.0
6000 - 6100  win rate, 61.0
6100 - 6200  win rate, 44.0
6200 - 6300  win rate, 59.0
6300 - 6400  win rate, 35.0
6400 - 6500  win rate, 30.0
6500 - 6600  win rate, 47.0
6600 - 6700  win rate, 73.0
6700 - 6800  win rate, 82.0
6800 - 6900  win rate, 79.0
6900 - 7000  win rate, 78.0
7000 - 7100  win rate, 61.0
7100 - 7200  win rate, 84.0
7200 - 7300  win rate, 84.0
7300 - 7400  win rate, 82.0
7400 - 7500  win rate, 45.0
7500 - 7600  win rate, 45.0
7600 - 7700  win rate, 53.0
7700 - 7800  win rate, 72.0
7800 - 7900  win rate, 74.0
7900 - 8000  win rate, 62.0
8000 - 8100  win rate, 59.0
8100 - 8200  win rate, 86.0
8200 - 8300  win rate, 84.0
8300 - 8400  win rate, 87.0
8400 - 8500  win rate, 60.0
8500 - 8600  win rate, 70.0
8600 - 8700  win rate, 76.0
8700 - 8800  win rate, 62.0
8800 - 8900  win rate, 74.0
8900 - 9000  win rate, 74.0
9000 - 9100  win rate, 59.0
9100 - 9200  win rate, 58.0
9200 - 9300  win rate, 71.0
9300 - 9400  win rate, 73.0
9400 - 9500  win rate, 71.0
9500 - 9600  win rate, 62.0
9600 - 9700  win rate, 72.0
9700 - 9800  win rate, 41.0
9800 - 9900  win rate, 60.0
9900 - 10000  win rate, 73.0
10000 - 10100  win rate, 76.0
10100 - 10200  win rate, 70.0
10200 - 10300  win rate, 74.0
10300 - 10400  win rate, 76.0
10400 - 10500  win rate, 70.0
10500 - 10600  win rate, 37.0
10600 - 10700  win rate, 54.0
10700 - 10800  win rate, 31.0
10800 - 10900  win rate, 34.0
10900 - 11000  win rate, 50.0
11000 - 11100  win rate, 40.0
11100 - 11200  win rate, 25.0
11200 - 11300  win rate, 42.0
11300 - 11400  win rate, 71.0
11400 - 11500  win rate, 79.0
11500 - 11600  win rate, 87.0
11600 - 11700  win rate, 71.0
11700 - 11800  win rate, 80.0
11800 - 11900  win rate, 73.0
11900 - 12000  win rate, 74.0
12000 - 12100  win rate, 85.0
12100 - 12200  win rate, 60.0
12200 - 12300  win rate, 60.0
12300 - 12400  win rate, 68.0
12400 - 12500  win rate, 77.0
