Start writing log
gamma,   0.75
alpha,   0.50
epsilon, 0.35
badInstantReward, 0.00
badTerminalReward, -0.50
goodInstantReward, 0.00
goodTerminalReward, 2.00

0 - 100  win rate, 53.0
100 - 200  win rate, 40.0
200 - 300  win rate, 44.0
300 - 400  win rate, 35.0
400 - 500  win rate, 41.0
500 - 600  win rate, 40.0
600 - 700  win rate, 43.0
700 - 800  win rate, 53.0
800 - 900  win rate, 43.0
900 - 1000  win rate, 52.0
1000 - 1100  win rate, 45.0
1100 - 1200  win rate, 56.0
1200 - 1300  win rate, 40.0
1300 - 1400  win rate, 52.0
1400 - 1500  win rate, 56.0
1500 - 1600  win rate, 46.0
1600 - 1700  win rate, 38.0
1700 - 1800  win rate, 47.0
1800 - 1900  win rate, 50.0
1900 - 2000  win rate, 42.0
2000 - 2100  win rate, 47.0
2100 - 2200  win rate, 47.0
2200 - 2300  win rate, 45.0
2300 - 2400  win rate, 41.0
2400 - 2500  win rate, 39.0
2500 - 2600  win rate, 33.0
2600 - 2700  win rate, 44.0
2700 - 2800  win rate, 51.0
2800 - 2900  win rate, 47.0
2900 - 3000  win rate, 42.0
3000 - 3100  win rate, 45.0
3100 - 3200  win rate, 55.0
3200 - 3300  win rate, 42.0
3300 - 3400  win rate, 55.0
3400 - 3500  win rate, 53.0
3500 - 3600  win rate, 44.0
3600 - 3700  win rate, 40.0
3700 - 3800  win rate, 46.0
3800 - 3900  win rate, 35.0
3900 - 4000  win rate, 40.0
4000 - 4100  win rate, 42.0
4100 - 4200  win rate, 34.0
4200 - 4300  win rate, 28.0
4300 - 4400  win rate, 42.0
4400 - 4500  win rate, 41.0
4500 - 4600  win rate, 43.0
4600 - 4700  win rate, 35.0
4700 - 4800  win rate, 45.0
4800 - 4900  win rate, 41.0
4900 - 5000  win rate, 51.0
5000 - 5100  win rate, 7.0
5100 - 5200  win rate, 9.0
5200 - 5300  win rate, 16.0
5300 - 5400  win rate, 16.0
5400 - 5500  win rate, 9.0
5500 - 5600  win rate, 8.0
5600 - 5700  win rate, 6.0
5700 - 5800  win rate, 11.0
5800 - 5900  win rate, 10.0
5900 - 6000  win rate, 9.0
6000 - 6100  win rate, 9.0
6100 - 6200  win rate, 11.0
6200 - 6300  win rate, 8.0
6300 - 6400  win rate, 7.0
6400 - 6500  win rate, 16.0
6500 - 6600  win rate, 3.0
6600 - 6700  win rate, 14.0
6700 - 6800  win rate, 17.0
6800 - 6900  win rate, 21.0
6900 - 7000  win rate, 13.0
7000 - 7100  win rate, 18.0
7100 - 7200  win rate, 22.0
7200 - 7300  win rate, 29.0
7300 - 7400  win rate, 35.0
7400 - 7500  win rate, 29.0
7500 - 7600  win rate, 40.0
7600 - 7700  win rate, 39.0
7700 - 7800  win rate, 62.0
7800 - 7900  win rate, 59.0
7900 - 8000  win rate, 70.0
8000 - 8100  win rate, 67.0
8100 - 8200  win rate, 61.0
8200 - 8300  win rate, 59.0
8300 - 8400  win rate, 66.0
8400 - 8500  win rate, 46.0
8500 - 8600  win rate, 53.0
8600 - 8700  win rate, 62.0
8700 - 8800  win rate, 60.0
8800 - 8900  win rate, 37.0
8900 - 9000  win rate, 50.0
9000 - 9100  win rate, 49.0
9100 - 9200  win rate, 68.0
9200 - 9300  win rate, 51.0
9300 - 9400  win rate, 48.0
9400 - 9500  win rate, 56.0
9500 - 9600  win rate, 50.0
9600 - 9700  win rate, 78.0
9700 - 9800  win rate, 76.0
9800 - 9900  win rate, 70.0
9900 - 10000  win rate, 53.0
10000 - 10100  win rate, 43.0
10100 - 10200  win rate, 68.0
10200 - 10300  win rate, 78.0
10300 - 10400  win rate, 79.0
10400 - 10500  win rate, 84.0
10500 - 10600  win rate, 46.0
10600 - 10700  win rate, 10.0
10700 - 10800  win rate, 6.0
10800 - 10900  win rate, 3.0
10900 - 11000  win rate, 3.0
11000 - 11100  win rate, 27.0
11100 - 11200  win rate, 49.0
11200 - 11300  win rate, 30.0
11300 - 11400  win rate, 54.0
11400 - 11500  win rate, 53.0
11500 - 11600  win rate, 51.0
11600 - 11700  win rate, 47.0
11700 - 11800  win rate, 47.0
11800 - 11900  win rate, 47.0
11900 - 12000  win rate, 59.0
12000 - 12100  win rate, 63.0
12100 - 12200  win rate, 68.0
12200 - 12300  win rate, 80.0
12300 - 12400  win rate, 81.0
12400 - 12500  win rate, 82.0
12500 - 12600  win rate, 71.0
12600 - 12700  win rate, 82.0
12700 - 12800  win rate, 74.0
12800 - 12900  win rate, 44.0
12900 - 13000  win rate, 22.0
13000 - 13100  win rate, 41.0
13100 - 13200  win rate, 67.0
13200 - 13300  win rate, 55.0
13300 - 13400  win rate, 48.0
13400 - 13500  win rate, 55.0
13500 - 13600  win rate, 44.0
13600 - 13700  win rate, 60.0
13700 - 13800  win rate, 61.0
13800 - 13900  win rate, 37.0
13900 - 14000  win rate, 58.0
14000 - 14100  win rate, 82.0
14100 - 14200  win rate, 78.0
14200 - 14300  win rate, 44.0
14300 - 14400  win rate, 50.0
14400 - 14500  win rate, 81.0
14500 - 14600  win rate, 96.0
14600 - 14700  win rate, 99.0
14700 - 14800  win rate, 92.0
14800 - 14900  win rate, 90.0
14900 - 15000  win rate, 82.0
15000 - 15100  win rate, 84.0
15100 - 15200  win rate, 90.0
15200 - 15300  win rate, 96.0
15300 - 15400  win rate, 96.0
15400 - 15500  win rate, 80.0
15500 - 15600  win rate, 89.0
15600 - 15700  win rate, 88.0
15700 - 15800  win rate, 91.0
15800 - 15900  win rate, 91.0
15900 - 16000  win rate, 80.0
16000 - 16100  win rate, 97.0
16100 - 16200  win rate, 94.0
16200 - 16300  win rate, 96.0
16300 - 16400  win rate, 96.0
16400 - 16500  win rate, 91.0
16500 - 16600  win rate, 93.0
16600 - 16700  win rate, 95.0
16700 - 16800  win rate, 92.0
16800 - 16900  win rate, 94.0
16900 - 17000  win rate, 95.0
17000 - 17100  win rate, 93.0
17100 - 17200  win rate, 71.0
17200 - 17300  win rate, 77.0
17300 - 17400  win rate, 60.0
17400 - 17500  win rate, 76.0
17500 - 17600  win rate, 75.0
17600 - 17700  win rate, 36.0
17700 - 17800  win rate, 68.0
17800 - 17900  win rate, 88.0
17900 - 18000  win rate, 90.0
18000 - 18100  win rate, 92.0
18100 - 18200  win rate, 84.0
18200 - 18300  win rate, 78.0
18300 - 18400  win rate, 38.0
18400 - 18500  win rate, 53.0
18500 - 18600  win rate, 62.0
18600 - 18700  win rate, 43.0
18700 - 18800  win rate, 47.0
18800 - 18900  win rate, 39.0
18900 - 19000  win rate, 48.0
19000 - 19100  win rate, 57.0
19100 - 19200  win rate, 63.0
19200 - 19300  win rate, 60.0
19300 - 19400  win rate, 66.0
19400 - 19500  win rate, 58.0
19500 - 19600  win rate, 63.0
19600 - 19700  win rate, 70.0
19700 - 19800  win rate, 54.0
19800 - 19900  win rate, 49.0
19900 - 20000  win rate, 70.0
20000 - 20100  win rate, 44.0
20100 - 20200  win rate, 50.0
20200 - 20300  win rate, 71.0
20300 - 20400  win rate, 84.0
20400 - 20500  win rate, 80.0
20500 - 20600  win rate, 81.0
20600 - 20700  win rate, 50.0
20700 - 20800  win rate, 81.0
20800 - 20900  win rate, 89.0
20900 - 21000  win rate, 71.0
21000 - 21100  win rate, 63.0
21100 - 21200  win rate, 84.0
21200 - 21300  win rate, 85.0
21300 - 21400  win rate, 89.0
21400 - 21500  win rate, 70.0
21500 - 21600  win rate, 94.0
21600 - 21700  win rate, 81.0
21700 - 21800  win rate, 72.0
21800 - 21900  win rate, 80.0
21900 - 22000  win rate, 60.0
22000 - 22100  win rate, 60.0
22100 - 22200  win rate, 59.0
22200 - 22300  win rate, 53.0
22300 - 22400  win rate, 31.0
22400 - 22500  win rate, 52.0
22500 - 22600  win rate, 62.0
22600 - 22700  win rate, 22.0
22700 - 22800  win rate, 23.0
22800 - 22900  win rate, 23.0
22900 - 23000  win rate, 57.0
23000 - 23100  win rate, 85.0
23100 - 23200  win rate, 60.0
23200 - 23300  win rate, 55.0
23300 - 23400  win rate, 62.0
23400 - 23500  win rate, 64.0
23500 - 23600  win rate, 59.0
23600 - 23700  win rate, 70.0
23700 - 23800  win rate, 56.0
23800 - 23900  win rate, 62.0
23900 - 24000  win rate, 46.0
24000 - 24100  win rate, 57.0
24100 - 24200  win rate, 49.0
24200 - 24300  win rate, 57.0
24300 - 24400  win rate, 64.0
24400 - 24500  win rate, 62.0
24500 - 24600  win rate, 54.0
24600 - 24700  win rate, 64.0
24700 - 24800  win rate, 57.0
24800 - 24900  win rate, 55.0
24900 - 25000  win rate, 74.0
25000 - 25100  win rate, 68.0
25100 - 25200  win rate, 64.0
25200 - 25300  win rate, 71.0
25300 - 25400  win rate, 69.0
25400 - 25500  win rate, 66.0
25500 - 25600  win rate, 63.0
25600 - 25700  win rate, 78.0
25700 - 25800  win rate, 68.0
25800 - 25900  win rate, 71.0
25900 - 26000  win rate, 68.0
26000 - 26100  win rate, 70.0
26100 - 26200  win rate, 77.0
26200 - 26300  win rate, 75.0
26300 - 26400  win rate, 64.0
26400 - 26500  win rate, 66.0
26500 - 26600  win rate, 66.0
26600 - 26700  win rate, 66.0
26700 - 26800  win rate, 69.0
26800 - 26900  win rate, 59.0
26900 - 27000  win rate, 66.0
27000 - 27100  win rate, 72.0
27100 - 27200  win rate, 66.0
27200 - 27300  win rate, 63.0
27300 - 27400  win rate, 51.0
27400 - 27500  win rate, 69.0
27500 - 27600  win rate, 84.0
27600 - 27700  win rate, 89.0
27700 - 27800  win rate, 87.0
27800 - 27900  win rate, 78.0
27900 - 28000  win rate, 77.0
28000 - 28100  win rate, 82.0
28100 - 28200  win rate, 82.0
28200 - 28300  win rate, 64.0
28300 - 28400  win rate, 59.0
28400 - 28500  win rate, 72.0
28500 - 28600  win rate, 83.0
28600 - 28700  win rate, 83.0
28700 - 28800  win rate, 81.0
28800 - 28900  win rate, 82.0
28900 - 29000  win rate, 88.0
29000 - 29100  win rate, 87.0
29100 - 29200  win rate, 70.0
29200 - 29300  win rate, 72.0
29300 - 29400  win rate, 79.0
29400 - 29500  win rate, 90.0
29500 - 29600  win rate, 79.0
29600 - 29700  win rate, 58.0
29700 - 29800  win rate, 73.0
29800 - 29900  win rate, 70.0
29900 - 30000  win rate, 75.0
30000 - 30100  win rate, 74.0
30100 - 30200  win rate, 69.0
30200 - 30300  win rate, 62.0
30300 - 30400  win rate, 68.0
30400 - 30500  win rate, 74.0
30500 - 30600  win rate, 66.0
30600 - 30700  win rate, 79.0
30700 - 30800  win rate, 70.0
30800 - 30900  win rate, 80.0
30900 - 31000  win rate, 77.0
31000 - 31100  win rate, 83.0
31100 - 31200  win rate, 79.0
31200 - 31300  win rate, 85.0
31300 - 31400  win rate, 84.0
31400 - 31500  win rate, 90.0
31500 - 31600  win rate, 82.0
31600 - 31700  win rate, 83.0
31700 - 31800  win rate, 81.0
31800 - 31900  win rate, 79.0
31900 - 32000  win rate, 84.0
32000 - 32100  win rate, 84.0
32100 - 32200  win rate, 78.0
32200 - 32300  win rate, 78.0
32300 - 32400  win rate, 87.0
32400 - 32500  win rate, 93.0
32500 - 32600  win rate, 85.0
32600 - 32700  win rate, 79.0
32700 - 32800  win rate, 78.0
32800 - 32900  win rate, 80.0
32900 - 33000  win rate, 83.0
33000 - 33100  win rate, 77.0
33100 - 33200  win rate, 77.0
33200 - 33300  win rate, 85.0
33300 - 33400  win rate, 76.0
33400 - 33500  win rate, 86.0
33500 - 33600  win rate, 75.0
33600 - 33700  win rate, 72.0
33700 - 33800  win rate, 78.0
33800 - 33900  win rate, 75.0
33900 - 34000  win rate, 87.0
34000 - 34100  win rate, 79.0
34100 - 34200  win rate, 83.0
34200 - 34300  win rate, 77.0
34300 - 34400  win rate, 65.0
34400 - 34500  win rate, 72.0
34500 - 34600  win rate, 79.0
34600 - 34700  win rate, 83.0
34700 - 34800  win rate, 52.0
34800 - 34900  win rate, 57.0
34900 - 35000  win rate, 54.0
35000 - 35100  win rate, 77.0
35100 - 35200  win rate, 66.0
35200 - 35300  win rate, 75.0
35300 - 35400  win rate, 81.0
35400 - 35500  win rate, 77.0
35500 - 35600  win rate, 68.0
35600 - 35700  win rate, 66.0
35700 - 35800  win rate, 77.0
35800 - 35900  win rate, 83.0
35900 - 36000  win rate, 68.0
36000 - 36100  win rate, 82.0
36100 - 36200  win rate, 74.0
36200 - 36300  win rate, 84.0
36300 - 36400  win rate, 78.0
36400 - 36500  win rate, 70.0
36500 - 36600  win rate, 76.0
36600 - 36700  win rate, 77.0
36700 - 36800  win rate, 73.0
36800 - 36900  win rate, 76.0
36900 - 37000  win rate, 80.0
37000 - 37100  win rate, 85.0
