Start writing log
gamma,   0.90
alpha,   0.90
epsilon, 0.35
badInstantReward, -0.25
badTerminalReward, -0.50
goodInstantReward, 1.00
goodTerminalReward, 2.00

0 - 100  win rate, 60.0, 3.5
100 - 200  win rate, 49.0, 3.4
200 - 300  win rate, 44.0, 2.8
300 - 400  win rate, 49.0, 3.3
400 - 500  win rate, 33.0, 2.5
500 - 600  win rate, 47.0, 3.0
600 - 700  win rate, 50.0, 3.4
700 - 800  win rate, 47.0, 3.2
800 - 900  win rate, 49.0, 3.5
900 - 1000  win rate, 62.0, 4.1
1000 - 1100  win rate, 47.0, 2.9
1100 - 1200  win rate, 48.0, 2.9
1200 - 1300  win rate, 41.0, 3.1
1300 - 1400  win rate, 41.0, 2.6
1400 - 1500  win rate, 36.0, 2.4
1500 - 1600  win rate, 58.0, 3.7
1600 - 1700  win rate, 53.0, 3.4
1700 - 1800  win rate, 38.0, 2.6
1800 - 1900  win rate, 51.0, 3.3
1900 - 2000  win rate, 52.0, 3.4
2000 - 2100  win rate, 51.0, 3.4
2100 - 2200  win rate, 42.0, 2.7
2200 - 2300  win rate, 35.0, 2.3
2300 - 2400  win rate, 39.0, 2.7
2400 - 2500  win rate, 48.0, 3.2
2500 - 2600  win rate, 50.0, 3.4
2600 - 2700  win rate, 51.0, 3.4
2700 - 2800  win rate, 62.0, 4.0
2800 - 2900  win rate, 61.0, 3.9
2900 - 3000  win rate, 40.0, 2.6
3000 - 3100  win rate, 49.0, 3.4
3100 - 3200  win rate, 55.0, 3.7
3200 - 3300  win rate, 46.0, 3.1
3300 - 3400  win rate, 62.0, 4.1
3400 - 3500  win rate, 54.0, 3.5
3500 - 3600  win rate, 63.0, 4.0
3600 - 3700  win rate, 55.0, 3.6
3700 - 3800  win rate, 55.0, 3.6
3800 - 3900  win rate, 62.0, 4.0
3900 - 4000  win rate, 44.0, 3.2
4000 - 4100  win rate, 57.0, 3.8
4100 - 4200  win rate, 60.0, 3.8
4200 - 4300  win rate, 40.0, 2.8
4300 - 4400  win rate, 58.0, 3.9
4400 - 4500  win rate, 53.0, 3.5
4500 - 4600  win rate, 68.0, 4.3
4600 - 4700  win rate, 50.0, 3.3
4700 - 4800  win rate, 59.0, 3.8
4800 - 4900  win rate, 34.0, 2.4
4900 - 5000  win rate, 56.0, 3.4
5000 - 5100  win rate, 45.0, 2.1
5100 - 5200  win rate, 45.0, 2.8
5200 - 5300  win rate, 47.0, 2.7
5300 - 5400  win rate, 50.0, 3.0
5400 - 5500  win rate, 62.0, 3.7
5500 - 5600  win rate, 34.0, 2.0
5600 - 5700  win rate, 26.0, 1.6
5700 - 5800  win rate, 36.0, 2.0
5800 - 5900  win rate, 58.0, 3.2
5900 - 6000  win rate, 73.0, 4.5
6000 - 6100  win rate, 79.0, 5.1
6100 - 6200  win rate, 69.0, 4.8
6200 - 6300  win rate, 80.0, 5.3
6300 - 6400  win rate, 78.0, 5.1
6400 - 6500  win rate, 69.0, 4.6
6500 - 6600  win rate, 58.0, 4.1
6600 - 6700  win rate, 76.0, 5.1
6700 - 6800  win rate, 96.0, 6.2
6800 - 6900  win rate, 78.0, 4.6
6900 - 7000  win rate, 60.0, 2.5
7000 - 7100  win rate, 90.0, 5.7
7100 - 7200  win rate, 91.0, 5.9
7200 - 7300  win rate, 91.0, 5.9
7300 - 7400  win rate, 89.0, 5.7
7400 - 7500  win rate, 79.0, 5.3
7500 - 7600  win rate, 83.0, 5.5
7600 - 7700  win rate, 78.0, 4.8
7700 - 7800  win rate, 76.0, 4.6
7800 - 7900  win rate, 79.0, 4.6
7900 - 8000  win rate, 85.0, 5.1
8000 - 8100  win rate, 71.0, 3.9
8100 - 8200  win rate, 88.0, 5.8
8200 - 8300  win rate, 88.0, 5.8
8300 - 8400  win rate, 86.0, 5.7
8400 - 8500  win rate, 85.0, 5.6
8500 - 8600  win rate, 65.0, 4.3
8600 - 8700  win rate, 66.0, 4.5
8700 - 8800  win rate, 74.0, 4.6
8800 - 8900  win rate, 69.0, 3.8
8900 - 9000  win rate, 90.0, 5.6
9000 - 9100  win rate, 53.0, 2.6
9100 - 9200  win rate, 89.0, 5.1
9200 - 9300  win rate, 83.0, 4.9
9300 - 9400  win rate, 97.0, 6.1
9400 - 9500  win rate, 94.0, 5.9
9500 - 9600  win rate, 95.0, 5.9
9600 - 9700  win rate, 93.0, 5.9
9700 - 9800  win rate, 87.0, 5.2
9800 - 9900  win rate, 34.0, 1.8
9900 - 10000  win rate, 31.0, 2.2
10000 - 10100  win rate, 51.0, 3.3
10100 - 10200  win rate, 54.0, 3.4
10200 - 10300  win rate, 58.0, 3.7
10300 - 10400  win rate, 37.0, 2.2
10400 - 10500  win rate, 90.0, 5.5
10500 - 10600  win rate, 67.0, 3.7
10600 - 10700  win rate, 73.0, 4.0
10700 - 10800  win rate, 75.0, 4.4
10800 - 10900  win rate, 82.0, 4.9
10900 - 11000  win rate, 89.0, 5.2
11000 - 11100  win rate, 89.0, 5.3
11100 - 11200  win rate, 93.0, 5.5
11200 - 11300  win rate, 89.0, 5.3
11300 - 11400  win rate, 93.0, 5.4
11400 - 11500  win rate, 92.0, 5.3
11500 - 11600  win rate, 96.0, 5.6
11600 - 11700  win rate, 97.0, 5.7
11700 - 11800  win rate, 96.0, 5.6
11800 - 11900  win rate, 93.0, 5.4
11900 - 12000  win rate, 94.0, 5.6
12000 - 12100  win rate, 86.0, 4.8
12100 - 12200  win rate, 97.0, 5.6
12200 - 12300  win rate, 85.0, 4.9
12300 - 12400  win rate, 95.0, 5.5
12400 - 12500  win rate, 89.0, 5.2
12500 - 12600  win rate, 84.0, 4.9
12600 - 12700  win rate, 78.0, 4.8
12700 - 12800  win rate, 98.0, 5.5
12800 - 12900  win rate, 93.0, 5.4
12900 - 13000  win rate, 83.0, 4.9
13000 - 13100  win rate, 86.0, 5.0
13100 - 13200  win rate, 86.0, 5.1
13200 - 13300  win rate, 83.0, 5.0
13300 - 13400  win rate, 88.0, 4.9
13400 - 13500  win rate, 94.0, 6.0
13500 - 13600  win rate, 85.0, 5.3
13600 - 13700  win rate, 92.0, 6.1
13700 - 13800  win rate, 97.0, 6.3
13800 - 13900  win rate, 96.0, 6.3
13900 - 14000  win rate, 91.0, 5.9
14000 - 14100  win rate, 96.0, 6.1
14100 - 14200  win rate, 97.0, 6.3
14200 - 14300  win rate, 96.0, 6.3
14300 - 14400  win rate, 96.0, 6.2
14400 - 14500  win rate, 95.0, 6.2
14500 - 14600  win rate, 99.0, 6.4
14600 - 14700  win rate, 97.0, 6.4
14700 - 14800  win rate, 91.0, 6.0
14800 - 14900  win rate, 93.0, 6.1
14900 - 15000  win rate, 95.0, 6.3
15000 - 15100  win rate, 94.0, 6.2
15100 - 15200  win rate, 93.0, 6.2
15200 - 15300  win rate, 78.0, 5.0
15300 - 15400  win rate, 87.0, 5.6
15400 - 15500  win rate, 65.0, 2.8
15500 - 15600  win rate, 92.0, 6.0
15600 - 15700  win rate, 95.0, 6.2
15700 - 15800  win rate, 88.0, 5.9
15800 - 15900  win rate, 88.0, 5.6
15900 - 16000  win rate, 92.0, 6.1
16000 - 16100  win rate, 87.0, 5.9
16100 - 16200  win rate, 89.0, 6.0
16200 - 16300  win rate, 95.0, 6.1
16300 - 16400  win rate, 90.0, 6.0
16400 - 16500  win rate, 92.0, 6.1
16500 - 16600  win rate, 90.0, 6.1
16600 - 16700  win rate, 87.0, 6.0
16700 - 16800  win rate, 93.0, 6.2
16800 - 16900  win rate, 87.0, 5.6
16900 - 17000  win rate, 90.0, 6.0
17000 - 17100  win rate, 89.0, 5.9
17100 - 17200  win rate, 90.0, 6.0
17200 - 17300  win rate, 89.0, 5.9
17300 - 17400  win rate, 86.0, 5.7
17400 - 17500  win rate, 66.0, 4.5
17500 - 17600  win rate, 80.0, 4.9
17600 - 17700  win rate, 57.0, 2.7
17700 - 17800  win rate, 57.0, 3.4
17800 - 17900  win rate, 70.0, 5.2
17900 - 18000  win rate, 76.0, 5.0
18000 - 18100  win rate, 67.0, 4.8
18100 - 18200  win rate, 59.0, 4.7
18200 - 18300  win rate, 51.0, 3.8
18300 - 18400  win rate, 59.0, 4.5
18400 - 18500  win rate, 56.0, 3.9
18500 - 18600  win rate, 27.0, 1.7
18600 - 18700  win rate, 45.0, 3.1
18700 - 18800  win rate, 36.0, 2.5
18800 - 18900  win rate, 45.0, 2.8
18900 - 19000  win rate, 68.0, 4.9
19000 - 19100  win rate, 58.0, 4.4
19100 - 19200  win rate, 70.0, 4.9
19200 - 19300  win rate, 66.0, 4.7
19300 - 19400  win rate, 76.0, 5.2
19400 - 19500  win rate, 71.0, 5.1
19500 - 19600  win rate, 73.0, 5.3
19600 - 19700  win rate, 68.0, 5.0
19700 - 19800  win rate, 78.0, 5.5
19800 - 19900  win rate, 70.0, 4.6
19900 - 20000  win rate, 77.0, 4.7
20000 - 20100  win rate, 81.0, 4.9
20100 - 20200  win rate, 80.0, 4.6
20200 - 20300  win rate, 31.0, 2.1
20300 - 20400  win rate, 55.0, 3.6
20400 - 20500  win rate, 33.0, 2.1
20500 - 20600  win rate, 43.0, 2.8
20600 - 20700  win rate, 49.0, 3.1
20700 - 20800  win rate, 45.0, 3.2
20800 - 20900  win rate, 77.0, 5.1
20900 - 21000  win rate, 61.0, 3.6
21000 - 21100  win rate, 73.0, 4.6
21100 - 21200  win rate, 65.0, 3.6
21200 - 21300  win rate, 65.0, 3.0
21300 - 21400  win rate, 86.0, 5.5
21400 - 21500  win rate, 89.0, 6.1
21500 - 21600  win rate, 84.0, 5.8
21600 - 21700  win rate, 93.0, 6.2
21700 - 21800  win rate, 90.0, 6.1
21800 - 21900  win rate, 97.0, 6.2
21900 - 22000  win rate, 85.0, 5.9
22000 - 22100  win rate, 89.0, 6.0
22100 - 22200  win rate, 76.0, 5.4
22200 - 22300  win rate, 93.0, 6.2
22300 - 22400  win rate, 89.0, 6.0
22400 - 22500  win rate, 89.0, 6.0
22500 - 22600  win rate, 83.0, 5.4
22600 - 22700  win rate, 84.0, 5.7
22700 - 22800  win rate, 71.0, 4.0
22800 - 22900  win rate, 42.0, 2.0
22900 - 23000  win rate, 74.0, 3.9
23000 - 23100  win rate, 86.0, 5.9
23100 - 23200  win rate, 87.0, 5.9
23200 - 23300  win rate, 88.0, 5.9
23300 - 23400  win rate, 81.0, 5.6
23400 - 23500  win rate, 87.0, 5.9
23500 - 23600  win rate, 91.0, 6.0
23600 - 23700  win rate, 90.0, 5.9
23700 - 23800  win rate, 85.0, 5.7
23800 - 23900  win rate, 91.0, 5.8
23900 - 24000  win rate, 85.0, 5.7
24000 - 24100  win rate, 82.0, 5.5
24100 - 24200  win rate, 83.0, 5.5
24200 - 24300  win rate, 70.0, 4.8
24300 - 24400  win rate, 69.0, 4.6
24400 - 24500  win rate, 75.0, 4.7
24500 - 24600  win rate, 77.0, 5.0
24600 - 24700  win rate, 83.0, 5.7
24700 - 24800  win rate, 77.0, 5.2
24800 - 24900  win rate, 86.0, 5.6
24900 - 25000  win rate, 91.0, 6.0
25000 - 25100  win rate, 92.0, 5.9
25100 - 25200  win rate, 78.0, 5.3
25200 - 25300  win rate, 57.0, 3.8
25300 - 25400  win rate, 71.0, 4.8
25400 - 25500  win rate, 70.0, 4.6
25500 - 25600  win rate, 53.0, 3.6
25600 - 25700  win rate, 68.0, 4.2
25700 - 25800  win rate, 72.0, 4.1
25800 - 25900  win rate, 82.0, 5.2
25900 - 26000  win rate, 72.0, 4.5
26000 - 26100  win rate, 67.0, 4.2
26100 - 26200  win rate, 78.0, 4.8
26200 - 26300  win rate, 81.0, 5.0
26300 - 26400  win rate, 83.0, 5.2
26400 - 26500  win rate, 74.0, 4.3
26500 - 26600  win rate, 88.0, 5.1
26600 - 26700  win rate, 84.0, 5.1
26700 - 26800  win rate, 83.0, 5.1
26800 - 26900  win rate, 74.0, 4.0
26900 - 27000  win rate, 70.0, 3.9
27000 - 27100  win rate, 85.0, 5.0
27100 - 27200  win rate, 84.0, 5.2
27200 - 27300  win rate, 80.0, 4.8
27300 - 27400  win rate, 89.0, 5.2
27400 - 27500  win rate, 82.0, 5.6
27500 - 27600  win rate, 81.0, 5.5
27600 - 27700  win rate, 84.0, 5.7
27700 - 27800  win rate, 89.0, 6.0
27800 - 27900  win rate, 89.0, 6.0
27900 - 28000  win rate, 90.0, 5.9
28000 - 28100  win rate, 84.0, 5.4
28100 - 28200  win rate, 87.0, 5.7
28200 - 28300  win rate, 77.0, 5.0
28300 - 28400  win rate, 86.0, 5.6
28400 - 28500  win rate, 95.0, 6.2
28500 - 28600  win rate, 90.0, 6.1
28600 - 28700  win rate, 92.0, 6.0
28700 - 28800  win rate, 81.0, 5.3
28800 - 28900  win rate, 80.0, 4.6
28900 - 29000  win rate, 74.0, 4.6
29000 - 29100  win rate, 84.0, 5.6
29100 - 29200  win rate, 90.0, 6.0
29200 - 29300  win rate, 85.0, 5.3
29300 - 29400  win rate, 88.0, 5.4
29400 - 29500  win rate, 70.0, 3.9
29500 - 29600  win rate, 84.0, 5.5
29600 - 29700  win rate, 81.0, 5.4
29700 - 29800  win rate, 82.0, 5.5
29800 - 29900  win rate, 84.0, 5.5
29900 - 30000  win rate, 72.0, 4.9
30000 - 30100  win rate, 86.0, 5.8
30100 - 30200  win rate, 91.0, 6.0
30200 - 30300  win rate, 85.0, 5.8
30300 - 30400  win rate, 81.0, 5.6
30400 - 30500  win rate, 89.0, 5.8
30500 - 30600  win rate, 81.0, 5.7
30600 - 30700  win rate, 87.0, 6.0
30700 - 30800  win rate, 69.0, 4.8
30800 - 30900  win rate, 51.0, 3.8
30900 - 31000  win rate, 87.0, 5.8
31000 - 31100  win rate, 83.0, 5.7
31100 - 31200  win rate, 74.0, 4.8
31200 - 31300  win rate, 87.0, 5.9
31300 - 31400  win rate, 84.0, 5.8
31400 - 31500  win rate, 80.0, 5.4
31500 - 31600  win rate, 67.0, 4.5
31600 - 31700  win rate, 97.0, 5.4
31700 - 31800  win rate, 81.0, 5.7
31800 - 31900  win rate, 93.0, 5.9
31900 - 32000  win rate, 98.0, 6.3
32000 - 32100  win rate, 92.0, 6.2
32100 - 32200  win rate, 74.0, 5.0
32200 - 32300  win rate, 57.0, 4.2
32300 - 32400  win rate, 89.0, 6.0
32400 - 32500  win rate, 90.0, 6.0
32500 - 32600  win rate, 78.0, 5.4
32600 - 32700  win rate, 61.0, 4.5
32700 - 32800  win rate, 60.0, 4.5
32800 - 32900  win rate, 92.0, 6.1
32900 - 33000  win rate, 89.0, 6.0
33000 - 33100  win rate, 89.0, 6.0
33100 - 33200  win rate, 87.0, 6.0
33200 - 33300  win rate, 85.0, 5.9
33300 - 33400  win rate, 89.0, 5.9
33400 - 33500  win rate, 90.0, 6.0
33500 - 33600  win rate, 86.0, 6.0
33600 - 33700  win rate, 80.0, 5.7
33700 - 33800  win rate, 88.0, 5.9
33800 - 33900  win rate, 88.0, 5.9
33900 - 34000  win rate, 85.0, 5.7
34000 - 34100  win rate, 90.0, 6.0
34100 - 34200  win rate, 87.0, 6.0
34200 - 34300  win rate, 84.0, 5.7
34300 - 34400  win rate, 89.0, 6.0
34400 - 34500  win rate, 93.0, 6.1
34500 - 34600  win rate, 85.0, 5.8
34600 - 34700  win rate, 84.0, 5.8
34700 - 34800  win rate, 79.0, 5.6
34800 - 34900  win rate, 76.0, 5.2
34900 - 35000  win rate, 90.0, 5.7
35000 - 35100  win rate, 82.0, 5.7
35100 - 35200  win rate, 86.0, 5.7
35200 - 35300  win rate, 89.0, 6.1
35300 - 35400  win rate, 58.0, 4.1
35400 - 35500  win rate, 90.0, 6.0
35500 - 35600  win rate, 89.0, 6.0
35600 - 35700  win rate, 83.0, 5.6
35700 - 35800  win rate, 82.0, 5.6
35800 - 35900  win rate, 84.0, 5.7
35900 - 36000  win rate, 71.0, 5.0
36000 - 36100  win rate, 91.0, 6.0
36100 - 36200  win rate, 88.0, 6.0
36200 - 36300  win rate, 96.0, 6.2
36300 - 36400  win rate, 73.0, 5.2
36400 - 36500  win rate, 74.0, 5.1
36500 - 36600  win rate, 68.0, 4.9
36600 - 36700  win rate, 98.0, 6.4
36700 - 36800  win rate, 90.0, 6.0
36800 - 36900  win rate, 96.0, 6.4
36900 - 37000  win rate, 94.0, 6.3
37000 - 37100  win rate, 99.0, 6.4
37100 - 37200  win rate, 96.0, 6.2
37200 - 37300  win rate, 93.0, 6.1
37300 - 37400  win rate, 90.0, 5.9
37400 - 37500  win rate, 94.0, 6.2
37500 - 37600  win rate, 95.0, 6.2
37600 - 37700  win rate, 88.0, 5.7
37700 - 37800  win rate, 90.0, 5.7
37800 - 37900  win rate, 70.0, 4.5
37900 - 38000  win rate, 79.0, 5.0
38000 - 38100  win rate, 75.0, 5.1
38100 - 38200  win rate, 59.0, 4.1
38200 - 38300  win rate, 54.0, 3.9
38300 - 38400  win rate, 64.0, 4.4
38400 - 38500  win rate, 81.0, 5.4
38500 - 38600  win rate, 90.0, 5.9
38600 - 38700  win rate, 83.0, 5.5
38700 - 38800  win rate, 91.0, 5.8
38800 - 38900  win rate, 88.0, 5.6
38900 - 39000  win rate, 89.0, 5.7
39000 - 39100  win rate, 88.0, 5.7
39100 - 39200  win rate, 91.0, 5.9
39200 - 39300  win rate, 92.0, 5.9
39300 - 39400  win rate, 77.0, 5.2
39400 - 39500  win rate, 83.0, 5.4
39500 - 39600  win rate, 83.0, 5.5
39600 - 39700  win rate, 86.0, 5.6
39700 - 39800  win rate, 72.0, 5.0
39800 - 39900  win rate, 96.0, 6.0
39900 - 40000  win rate, 90.0, 5.8
40000 - 40100  win rate, 89.0, 5.8
40100 - 40200  win rate, 88.0, 5.7
40200 - 40300  win rate, 86.0, 5.7
40300 - 40400  win rate, 93.0, 6.0
40400 - 40500  win rate, 89.0, 5.7
40500 - 40600  win rate, 72.0, 4.9
40600 - 40700  win rate, 93.0, 5.9
40700 - 40800  win rate, 88.0, 5.7
40800 - 40900  win rate, 87.0, 5.7
40900 - 41000  win rate, 90.0, 5.8
41000 - 41100  win rate, 86.0, 5.7
41100 - 41200  win rate, 90.0, 5.7
41200 - 41300  win rate, 90.0, 5.8
41300 - 41400  win rate, 86.0, 5.6
41400 - 41500  win rate, 91.0, 5.5
41500 - 41600  win rate, 92.0, 5.7
41600 - 41700  win rate, 87.0, 5.6
41700 - 41800  win rate, 87.0, 5.7
41800 - 41900  win rate, 90.0, 5.8
41900 - 42000  win rate, 87.0, 5.5
42000 - 42100  win rate, 79.0, 5.0
42100 - 42200  win rate, 83.0, 5.4
42200 - 42300  win rate, 86.0, 5.7
42300 - 42400  win rate, 84.0, 5.7
42400 - 42500  win rate, 77.0, 5.3
42500 - 42600  win rate, 64.0, 4.5
42600 - 42700  win rate, 79.0, 5.4
42700 - 42800  win rate, 83.0, 5.6
42800 - 42900  win rate, 90.0, 5.8
42900 - 43000  win rate, 76.0, 5.1
43000 - 43100  win rate, 75.0, 4.8
43100 - 43200  win rate, 73.0, 5.0
43200 - 43300  win rate, 84.0, 5.6
43300 - 43400  win rate, 84.0, 5.6
43400 - 43500  win rate, 85.0, 5.6
43500 - 43600  win rate, 80.0, 5.5
43600 - 43700  win rate, 83.0, 5.5
43700 - 43800  win rate, 81.0, 5.4
43800 - 43900  win rate, 82.0, 5.4
43900 - 44000  win rate, 82.0, 5.7
44000 - 44100  win rate, 82.0, 5.5
44100 - 44200  win rate, 75.0, 5.3
44200 - 44300  win rate, 83.0, 5.6
44300 - 44400  win rate, 67.0, 4.9
44400 - 44500  win rate, 73.0, 5.1
44500 - 44600  win rate, 64.0, 4.5
44600 - 44700  win rate, 77.0, 5.1
44700 - 44800  win rate, 78.0, 5.2
44800 - 44900  win rate, 85.0, 5.6
44900 - 45000  win rate, 67.0, 4.2
45000 - 45100  win rate, 76.0, 5.3
45100 - 45200  win rate, 79.0, 4.9
45200 - 45300  win rate, 77.0, 5.3
45300 - 45400  win rate, 81.0, 5.5
45400 - 45500  win rate, 78.0, 5.1
45500 - 45600  win rate, 80.0, 5.2
45600 - 45700  win rate, 70.0, 4.8
45700 - 45800  win rate, 82.0, 5.5
45800 - 45900  win rate, 77.0, 5.3
45900 - 46000  win rate, 85.0, 5.5
46000 - 46100  win rate, 78.0, 5.3
46100 - 46200  win rate, 86.0, 5.6
46200 - 46300  win rate, 75.0, 5.1
46300 - 46400  win rate, 81.0, 5.5
46400 - 46500  win rate, 71.0, 4.6
46500 - 46600  win rate, 52.0, 3.3
46600 - 46700  win rate, 85.0, 5.6
46700 - 46800  win rate, 76.0, 5.2
46800 - 46900  win rate, 54.0, 3.4
46900 - 47000  win rate, 74.0, 5.0
47000 - 47100  win rate, 53.0, 3.3
47100 - 47200  win rate, 54.0, 3.5
47200 - 47300  win rate, 78.0, 4.7
47300 - 47400  win rate, 69.0, 3.2
47400 - 47500  win rate, 62.0, 2.6
47500 - 47600  win rate, 91.0, 5.4
47600 - 47700  win rate, 97.0, 6.3
47700 - 47800  win rate, 93.0, 5.9
47800 - 47900  win rate, 58.0, 3.1
47900 - 48000  win rate, 61.0, 3.3
48000 - 48100  win rate, 89.0, 5.9
48100 - 48200  win rate, 89.0, 5.9
48200 - 48300  win rate, 85.0, 5.3
48300 - 48400  win rate, 94.0, 5.8
48400 - 48500  win rate, 89.0, 5.3
48500 - 48600  win rate, 49.0, 2.8
48600 - 48700  win rate, 55.0, 3.1
48700 - 48800  win rate, 73.0, 4.0
48800 - 48900  win rate, 82.0, 4.8
48900 - 49000  win rate, 70.0, 3.9
49000 - 49100  win rate, 76.0, 4.1
49100 - 49200  win rate, 80.0, 4.6
49200 - 49300  win rate, 78.0, 4.0
49300 - 49400  win rate, 79.0, 4.6
49400 - 49500  win rate, 85.0, 5.0
